<?xml version="1.0" encoding="UTF-8"?>
<!-- Generated by org.testng.reporters.JUnitXMLReporter -->
<testsuite hostname="WITCHER" name="Default test" tests="3" failures="0" timestamp="3 Dec 2015 10:07:59 GMT" time="19.158" errors="0">
  <testcase name="withErrorNickname" time="6.091" classname="Selenium.tests.AppTest"/>
  <testcase name="withNickname" time="6.847" classname="Selenium.tests.AppTest"/>
  <testcase name="withoutNickname" time="2.145" classname="Selenium.tests.AppTest"/>
</testsuite> <!-- Default test -->
