<?xml version="1.0" encoding="UTF-8"?>
<!-- Generated by org.testng.reporters.JUnitXMLReporter -->
<testsuite hostname="WITCHER" name="Default test" tests="3" failures="0" timestamp="2 Dec 2015 14:49:33 GMT" time="20.448" errors="0">
  <testcase name="withErrorNickname" time="6.443" classname="Selenium.tests.AppTest"/>
  <testcase name="withNickname" time="7.529" classname="Selenium.tests.AppTest"/>
  <testcase name="withoutNickname" time="2.929" classname="Selenium.tests.AppTest"/>
</testsuite> <!-- Default test -->
