<?xml version="1.0" encoding="UTF-8"?>
<testng-results skipped="0" failed="0" total="3" passed="3">
  <reporter-output>
  </reporter-output>
  <suite name="Default suite" duration-ms="20448" started-at="2015-12-02T14:49:13Z" finished-at="2015-12-02T14:49:33Z">
    <groups>
    </groups>
    <test name="Default test" duration-ms="20448" started-at="2015-12-02T14:49:13Z" finished-at="2015-12-02T14:49:33Z">
      <class name="Selenium.tests.AppTest">
        <test-method status="PASS" signature="setUp()[pri:0, instance:Selenium.tests.AppTest@19bb089b]" name="setUp" is-config="true" duration-ms="2267" started-at="2015-12-02T15:49:13Z" finished-at="2015-12-02T15:49:15Z">
          <reporter-output>
          </reporter-output>
        </test-method> <!-- setUp -->
        <test-method status="PASS" signature="withErrorNickname()[pri:0, instance:Selenium.tests.AppTest@19bb089b]" name="withErrorNickname" duration-ms="6443" started-at="2015-12-02T15:49:15Z" finished-at="2015-12-02T15:49:22Z">
          <reporter-output>
          </reporter-output>
        </test-method> <!-- withErrorNickname -->
        <test-method status="PASS" signature="deleteCookies()[pri:0, instance:Selenium.tests.AppTest@19bb089b]" name="deleteCookies" is-config="true" duration-ms="16" started-at="2015-12-02T15:49:22Z" finished-at="2015-12-02T15:49:22Z">
          <reporter-output>
          </reporter-output>
        </test-method> <!-- deleteCookies -->
        <test-method status="PASS" signature="withNickname()[pri:0, instance:Selenium.tests.AppTest@19bb089b]" name="withNickname" duration-ms="7529" started-at="2015-12-02T15:49:22Z" finished-at="2015-12-02T15:49:29Z">
          <reporter-output>
          </reporter-output>
        </test-method> <!-- withNickname -->
        <test-method status="PASS" signature="deleteCookies()[pri:0, instance:Selenium.tests.AppTest@19bb089b]" name="deleteCookies" is-config="true" duration-ms="67" started-at="2015-12-02T15:49:29Z" finished-at="2015-12-02T15:49:29Z">
          <reporter-output>
          </reporter-output>
        </test-method> <!-- deleteCookies -->
        <test-method status="PASS" signature="withoutNickname()[pri:0, instance:Selenium.tests.AppTest@19bb089b]" name="withoutNickname" duration-ms="2929" started-at="2015-12-02T15:49:29Z" finished-at="2015-12-02T15:49:32Z">
          <reporter-output>
          </reporter-output>
        </test-method> <!-- withoutNickname -->
        <test-method status="PASS" signature="deleteCookies()[pri:0, instance:Selenium.tests.AppTest@19bb089b]" name="deleteCookies" is-config="true" duration-ms="13" started-at="2015-12-02T15:49:32Z" finished-at="2015-12-02T15:49:32Z">
          <reporter-output>
          </reporter-output>
        </test-method> <!-- deleteCookies -->
        <test-method status="PASS" signature="tearDown()[pri:0, instance:Selenium.tests.AppTest@19bb089b]" name="tearDown" is-config="true" duration-ms="1162" started-at="2015-12-02T15:49:32Z" finished-at="2015-12-02T15:49:33Z">
          <reporter-output>
          </reporter-output>
        </test-method> <!-- tearDown -->
      </class> <!-- Selenium.tests.AppTest -->
    </test> <!-- Default test -->
  </suite> <!-- Default suite -->
</testng-results>
